1752293971.290191 client started (58217): version 3.0a, socket /tmp/tmux-1000/default, protocol 8
1752293971.290228 on Linux 5.15.0-1075-aws #82~20.04.1-Ubuntu SMP Thu Dec 19 05:24:09 UTC 2024; libevent 2.1.11-stable (poll)
1752293971.290250 socket is /tmp/tmux-1000/default
1752293971.290268 trying connect
1752293971.290354 add peer 0x5565ac9a1a10: 6 ((nil))
1752293971.290460 sending message 100 to peer 0x5565ac9a1a10 (4 bytes)
1752293971.290488 sending message 101 to peer 0x5565ac9a1a10 (14 bytes)
1752293971.290498 sending message 102 to peer 0x5565ac9a1a10 (12 bytes)
1752293971.290505 sending message 108 to peer 0x5565ac9a1a10 (30 bytes)
1752293971.290513 sending message 104 to peer 0x5565ac9a1a10 (0 bytes)
1752293971.290520 sending message 107 to peer 0x5565ac9a1a10 (4 bytes)
1752293971.290527 sending message 105 to peer 0x5565ac9a1a10 (16 bytes)
1752293971.290534 sending message 105 to peer 0x5565ac9a1a10 (13 bytes)
1752293971.290541 sending message 105 to peer 0x5565ac9a1a10 (36 bytes)
1752293971.290548 sending message 105 to peer 0x5565ac9a1a10 (53 bytes)
1752293971.290555 sending message 105 to peer 0x5565ac9a1a10 (45 bytes)
1752293971.290563 sending message 105 to peer 0x5565ac9a1a10 (12 bytes)
1752293971.290569 sending message 105 to peer 0x5565ac9a1a10 (34 bytes)
1752293971.290576 sending message 105 to peer 0x5565ac9a1a10 (15 bytes)
1752293971.290583 sending message 105 to peer 0x5565ac9a1a10 (21 bytes)
1752293971.290590 sending message 105 to peer 0x5565ac9a1a10 (15 bytes)
1752293971.290597 sending message 105 to peer 0x5565ac9a1a10 (18 bytes)
1752293971.290603 sending message 105 to peer 0x5565ac9a1a10 (13 bytes)
1752293971.290610 sending message 105 to peer 0x5565ac9a1a10 (27 bytes)
1752293971.290622 sending message 105 to peer 0x5565ac9a1a10 (1506 bytes)
1752293971.290635 sending message 105 to peer 0x5565ac9a1a10 (63 bytes)
1752293971.290642 sending message 105 to peer 0x5565ac9a1a10 (50 bytes)
1752293971.290649 sending message 105 to peer 0x5565ac9a1a10 (62 bytes)
1752293971.290656 sending message 105 to peer 0x5565ac9a1a10 (34 bytes)
1752293971.290663 sending message 105 to peer 0x5565ac9a1a10 (23 bytes)
1752293971.290670 sending message 105 to peer 0x5565ac9a1a10 (19 bytes)
1752293971.290677 sending message 105 to peer 0x5565ac9a1a10 (32 bytes)
1752293971.290684 sending message 105 to peer 0x5565ac9a1a10 (12 bytes)
1752293971.290691 sending message 105 to peer 0x5565ac9a1a10 (13 bytes)
1752293971.290698 sending message 105 to peer 0x5565ac9a1a10 (8 bytes)
1752293971.290705 sending message 105 to peer 0x5565ac9a1a10 (39 bytes)
1752293971.290712 sending message 105 to peer 0x5565ac9a1a10 (32 bytes)
1752293971.290718 sending message 105 to peer 0x5565ac9a1a10 (21 bytes)
1752293971.290725 sending message 105 to peer 0x5565ac9a1a10 (31 bytes)
1752293971.290732 sending message 105 to peer 0x5565ac9a1a10 (26 bytes)
1752293971.290739 sending message 105 to peer 0x5565ac9a1a10 (32 bytes)
1752293971.290746 sending message 105 to peer 0x5565ac9a1a10 (65 bytes)
1752293971.290753 sending message 105 to peer 0x5565ac9a1a10 (346 bytes)
1752293971.290760 sending message 105 to peer 0x5565ac9a1a10 (54 bytes)
1752293971.290767 sending message 105 to peer 0x5565ac9a1a10 (19 bytes)
1752293971.290774 sending message 105 to peer 0x5565ac9a1a10 (38 bytes)
1752293971.290781 sending message 105 to peer 0x5565ac9a1a10 (71 bytes)
1752293971.290788 sending message 105 to peer 0x5565ac9a1a10 (18 bytes)
1752293971.290794 sending message 105 to peer 0x5565ac9a1a10 (20 bytes)
1752293971.290801 sending message 105 to peer 0x5565ac9a1a10 (16 bytes)
1752293971.290808 sending message 106 to peer 0x5565ac9a1a10 (0 bytes)
1752293971.290815 sending message 200 to peer 0x5565ac9a1a10 (4 bytes)
1752293971.290822 client loop enter
1752293971.291236 peer 0x5565ac9a1a10 message 211
1752293971.291266 client_write: sessions should be nested with care, unset $TMUX to force\n
1752293971.291289 peer 0x5565ac9a1a10 message 203
1752293971.291298 client loop exit
